<?xml version="1.0" encoding="utf-8"?><testsuites name="pytest tests"><testsuite name="pytest" errors="0" failures="0" skipped="0" tests="22" time="26.527" timestamp="2026-02-23T11:58:44.232571+00:00" hostname="agent-env-73e752ed-c6a5-47a1-a779-1580060f5840"><testcase classname="backend.tests.test_returns.TestAuthAndSetup" name="test_admin_login" time="1.473" /><testcase classname="backend.tests.test_returns.TestAuthAndSetup" name="test_register_test_user" time="1.098" /><testcase classname="backend.tests.test_returns.TestReturnsAPI" name="test_get_products" time="0.682" /><testcase classname="backend.tests.test_returns.TestReturnsAPI" name="test_admin_check_endpoint" time="1.687" /><testcase classname="backend.tests.test_returns.TestReturnsAPI" name="test_user_cannot_access_admin" time="1.796" /><testcase classname="backend.tests.test_returns.TestReturnsAPI" name="test_get_user_returns_empty" time="0.836" /><testcase classname="backend.tests.test_returns.TestReturnsAPI" name="test_get_admin_returns" time="0.933" /><testcase classname="backend.tests.test_returns.TestReturnsAPI" name="test_create_return_without_order_fails" time="0.745" /><testcase classname="backend.tests.test_returns.TestOrderAndReturnFlow" name="test_create_order" time="2.449" /><testcase classname="backend.tests.test_returns.TestOrderAndReturnFlow" name="test_get_orders" time="0.750" /><testcase classname="backend.tests.test_returns.TestOrderAndReturnFlow" name="test_cannot_return_non_delivered_order" time="1.466" /><testcase classname="backend.tests.test_returns.TestOrderAndReturnFlow" name="test_admin_update_order_to_delivered" time="1.706" /><testcase classname="backend.tests.test_returns.TestOrderAndReturnFlow" name="test_create_return_request" time="1.399" /><testcase classname="backend.tests.test_returns.TestOrderAndReturnFlow" name="test_get_user_returns_with_data" time="0.746" /><testcase classname="backend.tests.test_returns.TestOrderAndReturnFlow" name="test_duplicate_return_fails" time="1.459" /><testcase classname="backend.tests.test_returns.TestOrderAndReturnFlow" name="test_admin_approve_return" time="0.722" /><testcase classname="backend.tests.test_returns.TestOrderAndReturnFlow" name="test_verify_return_status_updated" time="0.747" /><testcase classname="backend.tests.test_returns.TestOrderAndReturnFlow" name="test_admin_complete_return" time="0.727" /><testcase classname="backend.tests.test_returns.TestEdgeCases" name="test_unauthorized_access_returns" time="0.739" /><testcase classname="backend.tests.test_returns.TestEdgeCases" name="test_invalid_token_returns" time="0.833" /><testcase classname="backend.tests.test_returns.TestEdgeCases" name="test_invalid_return_status" time="1.720" /><testcase classname="backend.tests.test_returns.TestEdgeCases" name="test_nonexistent_return_update" time="1.723" /></testsuite></testsuites>